\BOOKMARK [2][-]{subsection*.1}{Zesp\363l:}{}% 1
\BOOKMARK [2][-]{subsection*.2}{Prowadzacy:}{}% 1
\BOOKMARK [0][-]{chapter.1}{Laboratorium 1}{}% 2
\BOOKMARK [1][-]{section.1.1}{Znalezione bledy w funkcjonowaniu systemu robota}{chapter.1}% 3
\BOOKMARK [1][-]{section.1.2}{Opis algorytmu interpolacji liniowej}{chapter.1}% 4
\BOOKMARK [2][-]{subsection.1.2.1}{Interpolacja na podstawie zadawanych predkosci}{section.1.2}% 5
\BOOKMARK [2][-]{subsection.1.2.2}{Interpolacja na podstawie danych odometrii}{section.1.2}% 6
\BOOKMARK [0][-]{chapter.2}{Projekt 1}{}% 7
\BOOKMARK [1][-]{section.2.1}{Struktura oprogramowania stworzonego do zbierania danych}{chapter.2}% 8
\BOOKMARK [1][-]{section.2.2}{Opis dzialania wezla zbierajacego dane}{chapter.2}% 9
\BOOKMARK [1][-]{section.2.3}{Opis dzialania wezla sterujacego robota}{chapter.2}% 10
\BOOKMARK [1][-]{section.2.4}{Spos\363b analizy danych}{chapter.2}% 11
\BOOKMARK [1][-]{section.2.5}{Wykresy i wnioski}{chapter.2}% 12
\BOOKMARK [0][-]{chapter.3}{Laboratorium 2}{}% 13
\BOOKMARK [1][-]{section.3.1}{Stworzone srodowisko i jego mapa}{chapter.3}% 14
\BOOKMARK [1][-]{section.3.2}{Przykladowe sciezki zaplanowane w srodowiskach}{chapter.3}% 15
\BOOKMARK [1][-]{section.3.3}{Pliki uruchomieniowe symulacji}{chapter.3}% 16
\BOOKMARK [0][-]{chapter.4}{Projekt 2}{}% 17
\BOOKMARK [1][-]{section.4.1}{Struktura sterownika robota}{chapter.4}% 18
\BOOKMARK [1][-]{section.4.2}{Opis dzialania wezla planujacego}{chapter.4}% 19
\BOOKMARK [1][-]{section.4.3}{Pliki konfiguracyjne map koszt\363w oraz lokalnego planera}{chapter.4}% 20
\BOOKMARK [1][-]{section.4.4}{Wyjasnienie zastosowanych parametr\363w}{chapter.4}% 21
\BOOKMARK [1][-]{section.4.5}{Weryfikacja dzialania}{chapter.4}% 22
